Release 14.5 - xst P.58f (nt64)
Copyright (c) 1995-2012 Xilinx, Inc.  All rights reserved.
--> Parameter TMPDIR set to xst/projnav.tmp


Total REAL time to Xst completion: 0.00 secs
Total CPU time to Xst completion: 0.11 secs
 
--> Parameter xsthdpdir set to xst


Total REAL time to Xst completion: 0.00 secs
Total CPU time to Xst completion: 0.11 secs
 
--> Reading design: pipeSequential.prj

TABLE OF CONTENTS
  1) Synthesis Options Summary
  2) HDL Parsing
  3) HDL Elaboration
  4) HDL Synthesis
       4.1) HDL Synthesis Report
  5) Advanced HDL Synthesis
       5.1) Advanced HDL Synthesis Report
  6) Low Level Synthesis
  7) Partition Report
  8) Design Summary
       8.1) Primitive and Black Box Usage
       8.2) Device utilization summary
       8.3) Partition Resource Summary
       8.4) Timing Report
            8.4.1) Clock Information
            8.4.2) Asynchronous Control Signals Information
            8.4.3) Timing Summary
            8.4.4) Timing Details
            8.4.5) Cross Clock Domains Report


=========================================================================
*                      Synthesis Options Summary                        *
=========================================================================
---- Source Parameters
Input File Name                    : "pipeSequential.prj"
Ignore Synthesis Constraint File   : NO

---- Target Parameters
Output File Name                   : "pipeSequential"
Output Format                      : NGC
Target Device                      : xc7a100t-3-csg324

---- Source Options
Top Module Name                    : pipeSequential
Automatic FSM Extraction           : YES
FSM Encoding Algorithm             : Auto
Safe Implementation                : No
FSM Style                          : LUT
RAM Extraction                     : Yes
RAM Style                          : Auto
ROM Extraction                     : Yes
Shift Register Extraction          : YES
ROM Style                          : Auto
Resource Sharing                   : YES
Asynchronous To Synchronous        : NO
Shift Register Minimum Size        : 2
Use DSP Block                      : Auto
Automatic Register Balancing       : No

---- Target Options
LUT Combining                      : Auto
Reduce Control Sets                : Auto
Add IO Buffers                     : YES
Global Maximum Fanout              : 100000
Add Generic Clock Buffer(BUFG)     : 32
Register Duplication               : YES
Optimize Instantiated Primitives   : NO
Use Clock Enable                   : Auto
Use Synchronous Set                : Auto
Use Synchronous Reset              : Auto
Pack IO Registers into IOBs        : Auto
Equivalent register Removal        : YES

---- General Options
Optimization Goal                  : Speed
Optimization Effort                : 1
Power Reduction                    : NO
Keep Hierarchy                     : No
Netlist Hierarchy                  : As_Optimized
RTL Output                         : Yes
Global Optimization                : AllClockNets
Read Cores                         : YES
Write Timing Constraints           : NO
Cross Clock Analysis               : NO
Hierarchy Separator                : /
Bus Delimiter                      : <>
Case Specifier                     : Maintain
Slice Utilization Ratio            : 100
BRAM Utilization Ratio             : 100
DSP48 Utilization Ratio            : 100
Auto BRAM Packing                  : NO
Slice Utilization Ratio Delta      : 5

=========================================================================


=========================================================================
*                          HDL Parsing                                  *
=========================================================================
Analyzing Verilog file "D:\YEH\Study\2017-2018\2018 2nd\CPE433 - ADVANCED DIGITAL SYSTEMS DESIGN\HW4\83755 - yahya mubaideen HW4\pipeSequential\signExtend4b8b.v" into library work
Parsing module <signExtend4b8b>.
Analyzing Verilog file "D:\YEH\Study\2017-2018\2018 2nd\CPE433 - ADVANCED DIGITAL SYSTEMS DESIGN\HW4\83755 - yahya mubaideen HW4\pipeSequential\parallelReg8b.v" into library work
Parsing module <parallelReg8b>.
Analyzing Verilog file "D:\YEH\Study\2017-2018\2018 2nd\CPE433 - ADVANCED DIGITAL SYSTEMS DESIGN\HW4\83755 - yahya mubaideen HW4\pipeSequential\parallelReg4b.v" into library work
Parsing module <parallelReg4b>.
Analyzing Verilog file "D:\YEH\Study\2017-2018\2018 2nd\CPE433 - ADVANCED DIGITAL SYSTEMS DESIGN\HW4\83755 - yahya mubaideen HW4\pipeSequential\mult4b2b.v" into library work
Parsing module <mult4b2b>.
Analyzing Verilog file "D:\YEH\Study\2017-2018\2018 2nd\CPE433 - ADVANCED DIGITAL SYSTEMS DESIGN\HW4\83755 - yahya mubaideen HW4\pipeSequential\buf8b.v" into library work
Parsing module <buf8b>.
Analyzing Verilog file "D:\YEH\Study\2017-2018\2018 2nd\CPE433 - ADVANCED DIGITAL SYSTEMS DESIGN\HW4\83755 - yahya mubaideen HW4\pipeSequential\bitwiseInvert8b.v" into library work
Parsing module <bitwiseInvert8b>.
Analyzing Verilog file "D:\YEH\Study\2017-2018\2018 2nd\CPE433 - ADVANCED DIGITAL SYSTEMS DESIGN\HW4\83755 - yahya mubaideen HW4\pipeSequential\pipeSequential.v" into library work
Parsing module <pipeSequential>.

=========================================================================
*                            HDL Elaboration                            *
=========================================================================

Elaborating module <pipeSequential>.

Elaborating module <parallelReg4b>.

Elaborating module <mult4b2b>.

Elaborating module <signExtend4b8b>.

Elaborating module <parallelReg8b>.

Elaborating module <buf8b>.

Elaborating module <bitwiseInvert8b>.

=========================================================================
*                           HDL Synthesis                               *
=========================================================================

Synthesizing Unit <pipeSequential>.
    Related source file is "D:\YEH\Study\2017-2018\2018 2nd\CPE433 - ADVANCED DIGITAL SYSTEMS DESIGN\HW4\83755 - yahya mubaideen HW4\pipeSequential\pipeSequential.v".
    Summary:
	no macro.
Unit <pipeSequential> synthesized.

Synthesizing Unit <parallelReg4b>.
    Related source file is "D:\YEH\Study\2017-2018\2018 2nd\CPE433 - ADVANCED DIGITAL SYSTEMS DESIGN\HW4\83755 - yahya mubaideen HW4\pipeSequential\parallelReg4b.v".
    Found 4-bit register for signal <out>.
    Summary:
	inferred   4 D-type flip-flop(s).
Unit <parallelReg4b> synthesized.

Synthesizing Unit <mult4b2b>.
    Related source file is "D:\YEH\Study\2017-2018\2018 2nd\CPE433 - ADVANCED DIGITAL SYSTEMS DESIGN\HW4\83755 - yahya mubaideen HW4\pipeSequential\mult4b2b.v".
    Found 4x2-bit multiplier for signal <y<5:0>> created at line 26.
    Summary:
	inferred   1 Multiplier(s).
Unit <mult4b2b> synthesized.

Synthesizing Unit <signExtend4b8b>.
    Related source file is "D:\YEH\Study\2017-2018\2018 2nd\CPE433 - ADVANCED DIGITAL SYSTEMS DESIGN\HW4\83755 - yahya mubaideen HW4\pipeSequential\signExtend4b8b.v".
    Summary:
	no macro.
Unit <signExtend4b8b> synthesized.

Synthesizing Unit <parallelReg8b>.
    Related source file is "D:\YEH\Study\2017-2018\2018 2nd\CPE433 - ADVANCED DIGITAL SYSTEMS DESIGN\HW4\83755 - yahya mubaideen HW4\pipeSequential\parallelReg8b.v".
    Found 8-bit register for signal <out>.
    Summary:
	inferred   8 D-type flip-flop(s).
Unit <parallelReg8b> synthesized.

Synthesizing Unit <buf8b>.
    Related source file is "D:\YEH\Study\2017-2018\2018 2nd\CPE433 - ADVANCED DIGITAL SYSTEMS DESIGN\HW4\83755 - yahya mubaideen HW4\pipeSequential\buf8b.v".
    Found 1-bit tristate buffer for signal <out<7>> created at line 27
    Found 1-bit tristate buffer for signal <out<6>> created at line 27
    Found 1-bit tristate buffer for signal <out<5>> created at line 27
    Found 1-bit tristate buffer for signal <out<4>> created at line 27
    Found 1-bit tristate buffer for signal <out<3>> created at line 27
    Found 1-bit tristate buffer for signal <out<2>> created at line 27
    Found 1-bit tristate buffer for signal <out<1>> created at line 27
    Found 1-bit tristate buffer for signal <out<0>> created at line 27
    Summary:
	inferred   8 Tristate(s).
Unit <buf8b> synthesized.

Synthesizing Unit <bitwiseInvert8b>.
    Related source file is "D:\YEH\Study\2017-2018\2018 2nd\CPE433 - ADVANCED DIGITAL SYSTEMS DESIGN\HW4\83755 - yahya mubaideen HW4\pipeSequential\bitwiseInvert8b.v".
    Summary:
	no macro.
Unit <bitwiseInvert8b> synthesized.

=========================================================================
HDL Synthesis Report

Macro Statistics
# Multipliers                                          : 1
 4x2-bit multiplier                                    : 1
# Registers                                            : 4
 4-bit register                                        : 1
 8-bit register                                        : 3
# Tristates                                            : 16
 1-bit tristate buffer                                 : 16

=========================================================================

=========================================================================
*                       Advanced HDL Synthesis                          *
=========================================================================

WARNING:Xst:1710 - FF/Latch <out_6> (without init value) has a constant value of 0 in block <pr8b1>. This FF/Latch will be trimmed during the optimization process.
WARNING:Xst:1710 - FF/Latch <out_7> (without init value) has a constant value of 0 in block <pr8b1>. This FF/Latch will be trimmed during the optimization process.

=========================================================================
Advanced HDL Synthesis Report

Macro Statistics
# Multipliers                                          : 1
 4x2-bit multiplier                                    : 1
# Registers                                            : 28
 Flip-Flops                                            : 28

=========================================================================

=========================================================================
*                         Low Level Synthesis                           *
=========================================================================
WARNING:Xst:2042 - Unit buf8b: 8 internal tristates are replaced by logic (pull-up yes): out<0>, out<1>, out<2>, out<3>, out<4>, out<5>, out<6>, out<7>.

Optimizing unit <parallelReg8b> ...

Optimizing unit <pipeSequential> ...
WARNING:Xst:1710 - FF/Latch <pr8b1/out_7> (without init value) has a constant value of 0 in block <pipeSequential>. This FF/Latch will be trimmed during the optimization process.
WARNING:Xst:1895 - Due to other FF/Latch trimming, FF/Latch <pr8b1/out_6> (without init value) has a constant value of 0 in block <pipeSequential>. This FF/Latch will be trimmed during the optimization process.
INFO:Xst:2261 - The FF/Latch <pr8b3/out_1> in Unit <pipeSequential> is equivalent to the following FF/Latch, which will be removed : <pr8b3/out_0> 
INFO:Xst:2261 - The FF/Latch <pr8b2/out_3> in Unit <pipeSequential> is equivalent to the following 4 FFs/Latches, which will be removed : <pr8b2/out_7> <pr8b2/out_6> <pr8b2/out_5> <pr8b2/out_4> 

Mapping all equations...
Building and optimizing final netlist ...
Found area constraint ratio of 100 (+ 5) on block pipeSequential, actual ratio is 0.

Final Macro Processing ...

=========================================================================
Final Register Report

Macro Statistics
# Registers                                            : 21
 Flip-Flops                                            : 21

=========================================================================

=========================================================================
*                           Partition Report                            *
=========================================================================

Partition Implementation Status
-------------------------------

  No Partitions were found in this design.

-------------------------------

=========================================================================
*                            Design Summary                             *
=========================================================================

Top Level Output File Name         : pipeSequential.ngc

Primitive and Black Box Usage:
------------------------------
# BELS                             : 13
#      LUT2                        : 2
#      LUT3                        : 6
#      LUT4                        : 1
#      LUT5                        : 1
#      LUT6                        : 3
# FlipFlops/Latches                : 21
#      FDC                         : 21
# Clock Buffers                    : 1
#      BUFGP                       : 1
# IO Buffers                       : 16
#      IBUF                        : 8
#      OBUF                        : 8

Device utilization summary:
---------------------------

Selected Device : 7a100tcsg324-3 


Slice Logic Utilization: 
 Number of Slice Registers:              21  out of  126800     0%  
 Number of Slice LUTs:                   13  out of  63400     0%  
    Number used as Logic:                13  out of  63400     0%  

Slice Logic Distribution: 
 Number of LUT Flip Flop pairs used:     21
   Number with an unused Flip Flop:       0  out of     21     0%  
   Number with an unused LUT:             8  out of     21    38%  
   Number of fully used LUT-FF pairs:    13  out of     21    61%  
   Number of unique control sets:         1

IO Utilization: 
 Number of IOs:                          17
 Number of bonded IOBs:                  17  out of    210     8%  

Specific Feature Utilization:
 Number of BUFG/BUFGCTRL/BUFHCEs:         1  out of    128     0%  

---------------------------
Partition Resource Summary:
---------------------------

  No Partitions were found in this design.

---------------------------


=========================================================================
Timing Report

NOTE: THESE TIMING NUMBERS ARE ONLY A SYNTHESIS ESTIMATE.
      FOR ACCURATE TIMING INFORMATION PLEASE REFER TO THE TRACE REPORT
      GENERATED AFTER PLACE-and-ROUTE.

Clock Information:
------------------
-----------------------------------+------------------------+-------+
Clock Signal                       | Clock buffer(FF name)  | Load  |
-----------------------------------+------------------------+-------+
clk                                | BUFGP                  | 21    |
-----------------------------------+------------------------+-------+

Asynchronous Control Signals Information:
----------------------------------------
No asynchronous control signals found in this design

Timing Summary:
---------------
Speed Grade: -3

   Minimum period: 1.036ns (Maximum Frequency: 964.971MHz)
   Minimum input arrival time before clock: 0.822ns
   Maximum output required time after clock: 0.645ns
   Maximum combinational path delay: No path found

Timing Details:
---------------
All values displayed in nanoseconds (ns)

=========================================================================
Timing constraint: Default period analysis for Clock 'clk'
  Clock period: 1.036ns (frequency: 964.971MHz)
  Total number of paths / destination ports: 35 / 17
-------------------------------------------------------------------------
Delay:               1.036ns (Levels of Logic = 1)
  Source:            pr4b1/out_3 (FF)
  Destination:       pr8b1/out_5 (FF)
  Source Clock:      clk rising
  Destination Clock: clk rising

  Data Path: pr4b1/out_3 to pr8b1/out_5
                                Gate     Net
    Cell:in->out      fanout   Delay   Delay  Logical Name (Net Name)
    ----------------------------------------  ------------
     FDC:C->Q              4   0.361   0.570  pr4b1/out_3 (pr4b1/out_3)
     LUT6:I2->O            1   0.097   0.000  m4b2b1/Mmult_y<5:0>_Madd_cy<4>1 (m4b2b1/Mmult_y<5:0>_Madd_cy<4>)
     FDC:D                     0.008          pr8b1/out_5
    ----------------------------------------
    Total                      1.036ns (0.466ns logic, 0.570ns route)
                                       (45.0% logic, 55.0% route)

=========================================================================
Timing constraint: Default OFFSET IN BEFORE for Clock 'clk'
  Total number of paths / destination ports: 43 / 38
-------------------------------------------------------------------------
Offset:              0.822ns (Levels of Logic = 2)
  Source:            Din<0> (PAD)
  Destination:       pr8b1/out_5 (FF)
  Destination Clock: clk rising

  Data Path: Din<0> to pr8b1/out_5
                                Gate     Net
    Cell:in->out      fanout   Delay   Delay  Logical Name (Net Name)
    ----------------------------------------  ------------
     IBUF:I->O             6   0.001   0.716  Din_0_IBUF (Din_0_IBUF)
     LUT6:I0->O            1   0.097   0.000  m4b2b1/Mmult_y<5:0>_Madd_cy<4>1 (m4b2b1/Mmult_y<5:0>_Madd_cy<4>)
     FDC:D                     0.008          pr8b1/out_5
    ----------------------------------------
    Total                      0.822ns (0.106ns logic, 0.716ns route)
                                       (12.9% logic, 87.1% route)

=========================================================================
Timing constraint: Default OFFSET OUT AFTER for Clock 'clk'
  Total number of paths / destination ports: 8 / 8
-------------------------------------------------------------------------
Offset:              0.645ns (Levels of Logic = 1)
  Source:            pr8b3/out_1 (FF)
  Destination:       extDout<1> (PAD)
  Source Clock:      clk rising

  Data Path: pr8b3/out_1 to extDout<1>
                                Gate     Net
    Cell:in->out      fanout   Delay   Delay  Logical Name (Net Name)
    ----------------------------------------  ------------
     FDC:C->Q              2   0.361   0.283  pr8b3/out_1 (pr8b3/out_1)
     OBUF:I->O                 0.000          extDout_1_OBUF (extDout<1>)
    ----------------------------------------
    Total                      0.645ns (0.361ns logic, 0.283ns route)
                                       (56.0% logic, 44.0% route)

=========================================================================

Cross Clock Domains Report:
--------------------------

Clock to Setup on destination clock clk
---------------+---------+---------+---------+---------+
               | Src:Rise| Src:Fall| Src:Rise| Src:Fall|
Source Clock   |Dest:Rise|Dest:Rise|Dest:Fall|Dest:Fall|
---------------+---------+---------+---------+---------+
clk            |    1.036|         |         |         |
---------------+---------+---------+---------+---------+

=========================================================================


Total REAL time to Xst completion: 12.00 secs
Total CPU time to Xst completion: 12.39 secs
 
--> 

Total memory usage is 447584 kilobytes

Number of errors   :    0 (   0 filtered)
Number of warnings :    5 (   0 filtered)
Number of infos    :    2 (   0 filtered)

